[debug] [2020-11-19T05:09:39.384Z] ----------------------------------------------------------------------
[debug] [2020-11-19T05:09:39.391Z] Command:       C:\Program Files\nodejs\node.exe C:\Users\zaenal20\AppData\Roaming\npm\node_modules\firebase-tools\lib\bin\firebase.js login
[debug] [2020-11-19T05:09:39.392Z] CLI Version:   8.16.2
[debug] [2020-11-19T05:09:39.392Z] Platform:      win32
[debug] [2020-11-19T05:09:39.393Z] Node Version:  v12.17.0
[debug] [2020-11-19T05:09:39.396Z] Time:          Thu Nov 19 2020 12:09:39 GMT+0700 (GMT+07:00)
[debug] [2020-11-19T05:09:39.397Z] ----------------------------------------------------------------------
[debug] [2020-11-19T05:09:39.397Z] 
[info] i  Firebase optionally collects CLI usage and error reporting information to help improve our products. Data is collected in accordance with Google's privacy policy (https://policies.google.com/privacy) and is not used to identify you.
 
[info] i  To change your data collection preference at any time, run `firebase logout` and log in again. 
[info] 
[info] Visit this URL on this device to log in:
[info] https://accounts.google.com/o/oauth2/auth?client_id=563584335869-fgrhgmd47bqnekij5i8b5pr03ho849e6.apps.googleusercontent.com&scope=email%20openid%20https%3A%2F%2Fwww.googleapis.com%2Fauth%2Fcloudplatformprojects.readonly%20https%3A%2F%2Fwww.googleapis.com%2Fauth%2Ffirebase%20https%3A%2F%2Fwww.googleapis.com%2Fauth%2Fcloud-platform&response_type=code&state=324723588&redirect_uri=http%3A%2F%2Flocalhost%3A9005
[info] 
[info] Waiting for authentication...
[debug] [2020-11-19T05:10:58.431Z] Error: spawn cmd ENOENT
    at Process.ChildProcess._handle.onexit (internal/child_process.js:267:19)
    at onErrorNT (internal/child_process.js:469:16)
    at processTicksAndRejections (internal/process/task_queues.js:84:21)
[error] 
[error] Error: An unexpected error has occurred.
